<?xml version="1.0" encoding="UTF-8"?>
<!-- Generated by org.testng.reporters.JUnitReportReporter -->
<testsuite hostname="venkatesh" failures="0" tests="1" name="bankingapplication.testcases.TC_LoginTest_001" time="4.591" errors="0" timestamp="2022-09-26T11:48:10 IST" skipped="0">
  <testcase classname="bankingapplication.testcases.TC_LoginTest_001" name="logintest" time="4.591"/>
  <system-out/>
</testsuite> <!-- bankingapplication.testcases.TC_LoginTest_001 -->
